<?xml version="1.0" encoding="UTF-8"?>
<!-- Generated by org.testng.reporters.JUnitReportReporter -->
<testsuite skipped="0" hostname="DESKTOP-SDVR3FJ" name="com.pba.testcases.Testcase1" tests="1" failures="0" timestamp="12 Aug 2020 15:43:02 GMT" time="310.095" errors="0">
  <testcase name="testCase" time="310.095" classname="com.pba.testcases.Testcase1"/>
</testsuite> <!-- com.pba.testcases.Testcase1 -->
