<?xml version="1.0" encoding="UTF-8"?>
<!-- Generated by org.testng.reporters.JUnitReportReporter -->
<testsuite skipped="0" hostname="DESKTOP-SDVR3FJ" name="com.w2a.testcases.BankManagerLoginTest" tests="1" failures="0" timestamp="05 Aug 2020 03:18:32 GMT" time="11.363" errors="0">
  <testcase name="loginAsBankManager" time="11.363" classname="com.w2a.testcases.BankManagerLoginTest"/>
</testsuite> <!-- com.w2a.testcases.BankManagerLoginTest -->
