<?xml version="1.0" encoding="UTF-8"?>
<!-- Generated by org.testng.reporters.JUnitReportReporter -->
<testsuite skipped="1" hostname="DESKTOP-SDVR3FJ" name="com.w2a.testcases.AddCustomerTest" tests="1" failures="0" timestamp="05 Aug 2020 03:18:32 GMT" time="0.000" errors="0">
  <testcase name="addCustomer" time="0.000" classname="com.w2a.testcases.AddCustomerTest">
    <skipped/>
  </testcase> <!-- addCustomer -->
</testsuite> <!-- com.w2a.testcases.AddCustomerTest -->
